<?xml version="1.0" encoding="UTF-8"?>
<testng-results ignored="0" total="2" passed="2" failed="0" skipped="0">
  <reporter-output>
  </reporter-output>
  <suite started-at="2022-06-06T08:07:36 EDT" name="Surefire suite" finished-at="2022-06-06T08:08:08 EDT" duration-ms="32076">
    <groups>
      <group name="cucumber">
        <method signature="AbstractTestNGCucumberTests.runScenario(io.cucumber.testng.PickleWrapper,io.cucumber.testng.FeatureWrapper)[pri:0, instance:CucumberOptions.TestRunner@7a52f2a2]" name="runScenario" class="io.cucumber.testng.AbstractTestNGCucumberTests"/>
      </group> <!-- cucumber -->
    </groups>
    <test started-at="2022-06-06T08:07:36 EDT" name="Surefire test" finished-at="2022-06-06T08:08:08 EDT" duration-ms="32076">
      <class name="CucumberOptions.TestRunner">
        <test-method is-config="true" signature="setUpClass(org.testng.ITestContext)[pri:0, instance:CucumberOptions.TestRunner@7a52f2a2]" started-at="2022-06-06T08:07:36 EDT" name="setUpClass" finished-at="2022-06-06T08:07:37 EDT" duration-ms="852" status="PASS">
          <params>
            <param index="0">
              <value>
                <![CDATA[org.testng.TestRunner@1b0e9707]]>
              </value>
            </param>
          </params>
          <reporter-output>
          </reporter-output>
        </test-method> <!-- setUpClass -->
        <test-method signature="runScenario(io.cucumber.testng.PickleWrapper,io.cucumber.testng.FeatureWrapper)[pri:0, instance:CucumberOptions.TestRunner@7a52f2a2]" started-at="2022-06-06T08:07:37 EDT" name="runScenario" description="Runs Cucumber Scenarios" data-provider="scenarios" finished-at="2022-06-06T08:07:53 EDT" duration-ms="16022" status="PASS">
          <params>
            <param index="0">
              <value>
                <![CDATA["Search the experience for product search in homepage and offeres page"]]>
              </value>
            </param>
            <param index="1">
              <value>
                <![CDATA["Search and place the order for products"]]>
              </value>
            </param>
          </params>
          <reporter-output>
          </reporter-output>
        </test-method> <!-- runScenario -->
        <test-method signature="runScenario(io.cucumber.testng.PickleWrapper,io.cucumber.testng.FeatureWrapper)[pri:0, instance:CucumberOptions.TestRunner@7a52f2a2]" started-at="2022-06-06T08:07:53 EDT" name="runScenario" description="Runs Cucumber Scenarios" data-provider="scenarios" finished-at="2022-06-06T08:08:08 EDT" duration-ms="14653" status="PASS">
          <params>
            <param index="0">
              <value>
                <![CDATA["Search the experience for product search in homepage and offeres page"]]>
              </value>
            </param>
            <param index="1">
              <value>
                <![CDATA["Search and place the order for products"]]>
              </value>
            </param>
          </params>
          <reporter-output>
          </reporter-output>
        </test-method> <!-- runScenario -->
        <test-method is-config="true" signature="tearDownClass()[pri:0, instance:CucumberOptions.TestRunner@7a52f2a2]" started-at="2022-06-06T08:08:08 EDT" name="tearDownClass" finished-at="2022-06-06T08:08:08 EDT" duration-ms="499" status="PASS">
          <reporter-output>
          </reporter-output>
        </test-method> <!-- tearDownClass -->
      </class> <!-- CucumberOptions.TestRunner -->
    </test> <!-- Surefire test -->
  </suite> <!-- Surefire suite -->
</testng-results>
