<?xml version="1.0" encoding="UTF-8"?>
<!-- Generated by org.testng.reporters.JUnitReportReporter -->
<testsuite hostname="Jeeva" failures="1" tests="1" name="CucumberOptions.FailedTestRunner" time="6.762" errors="0" timestamp="2022-06-03T19:26:42 EDT" skipped="0">
  <testcase classname="CucumberOptions.FailedTestRunner" name="runScenario" time="6.762">
    <failure message="expected [Beetroot] but found [No data]" type="java.lang.AssertionError">
      <![CDATA[java.lang.AssertionError: expected [Beetroot] but found [No data]
at org.testng.Assert.fail(Assert.java:110)
at org.testng.Assert.failNotEquals(Assert.java:1413)
at org.testng.Assert.assertEqualsImpl(Assert.java:149)
at org.testng.Assert.assertEquals(Assert.java:131)
at org.testng.Assert.assertEquals(Assert.java:655)
at org.testng.Assert.assertEquals(Assert.java:665)
at StepDefination.Offerpage.The_user_searched_with_same_short_name_in_offers_page_to_check_if_exists(Offerpage.java:42)
at ✽.The user searched with same short name in offers page to check if "Beet" exists(file:///C:/Users/itsar/eclipse-workspace/CuCumberSelenium/src/test/java/features/greencart.feature:7)
]]>
    </failure>
  </testcase> <!-- runScenario -->
  <system-out/>
</testsuite> <!-- CucumberOptions.FailedTestRunner -->
